<?xml version="1.0" encoding="UTF-8"?>
<!-- Generated by org.testng.reporters.JUnitReportReporter -->
<testsuite hostname="DESKTOP-9BB5NPN" failures="0" tests="1" name="practice_maven.SimpleTest1" time="0.003" errors="0" timestamp="2023-01-18T10:05:49 IST" skipped="0">
  <testcase classname="practice_maven.SimpleTest1" name="simple2" time="0.003"/>
  <system-out/>
</testsuite> <!-- practice_maven.SimpleTest1 -->
