<?xml version="1.0" encoding="UTF-8"?>
<!-- Generated by org.testng.reporters.JUnitReportReporter -->
<testsuite hostname="DESKTOP-9BB5NPN" failures="0" tests="1" name="practice_maven.SimpleTest2" time="0.007" errors="0" timestamp="2023-01-18T10:05:49 IST" skipped="0">
  <testcase classname="practice_maven.SimpleTest2" name="simple3" time="0.007"/>
  <system-out/>
</testsuite> <!-- practice_maven.SimpleTest2 -->
