<?xml version="1.0" encoding="UTF-8"?>
<!-- Generated by org.testng.reporters.JUnitReportReporter -->
<testsuite hostname="DESKTOP-9BB5NPN" failures="0" tests="2" name="practice_maven.Simple3Test" time="0.012" errors="0" timestamp="2023-01-23T17:25:24 IST" skipped="0">
  <testcase classname="practice_maven.Simple3Test" name="simple6" time="0.010"/>
  <system-out/>
  <testcase classname="practice_maven.Simple3Test" name="simple5" time="0.002"/>
  <system-out/>
</testsuite> <!-- practice_maven.Simple3Test -->
