<?xml version="1.0" encoding="UTF-8"?>
<!-- Generated by org.testng.reporters.JUnitReportReporter -->
<testsuite hostname="DESKTOP-9BB5NPN" failures="0" tests="1" name="practice_package1.SimpleTest1" time="0.002" errors="0" timestamp="2023-01-23T17:25:24 IST" skipped="0">
  <testcase classname="practice_package1.SimpleTest1" name="printM" time="0.002"/>
  <system-out/>
</testsuite> <!-- practice_package1.SimpleTest1 -->
