<?xml version="1.0" encoding="UTF-8"?>
<!-- Generated by org.testng.reporters.JUnitReportReporter -->
<testsuite hostname="DESKTOP-9BB5NPN" failures="0" tests="1" name="practice_maven.Simple5Test" time="0.004" errors="0" timestamp="2023-01-23T17:25:24 IST" skipped="0">
  <testcase classname="practice_maven.Simple5Test" name="simple5" time="0.004"/>
  <system-out/>
</testsuite> <!-- practice_maven.Simple5Test -->
