<?xml version="1.0" encoding="UTF-8"?>
<!-- Generated by org.testng.reporters.JUnitReportReporter -->
<testsuite hostname="DESKTOP-9BB5NPN" failures="0" tests="2" name="practice_maven.Simple2Test" time="0.007" errors="0" timestamp="2023-01-23T17:25:24 IST" skipped="0">
  <testcase classname="practice_maven.Simple2Test" name="simple3" time="0.005"/>
  <system-out/>
  <testcase classname="practice_maven.Simple2Test" name="simple4" time="0.002"/>
  <system-out/>
</testsuite> <!-- practice_maven.Simple2Test -->
