<?xml version="1.0" encoding="UTF-8"?>
<!-- Generated by org.testng.reporters.JUnitReportReporter -->
<testsuite hostname="DESKTOP-9BB5NPN" failures="0" tests="1" name="practice_maven.Simple2Test" time="0.016" errors="0" timestamp="2023-01-18T10:52:26 IST" skipped="0">
  <testcase classname="practice_maven.Simple2Test" name="simple4" time="0.016"/>
  <system-out/>
</testsuite> <!-- practice_maven.Simple2Test -->
