<?xml version="1.0" encoding="UTF-8"?>
<!-- Generated by org.testng.reporters.JUnitReportReporter -->
<testsuite hostname="DESKTOP-9BB5NPN" failures="0" tests="2" name="practice_maven.CreateTest" time="0.019" errors="0" timestamp="2023-01-24T13:02:25 IST" skipped="0">
  <testcase classname="practice_maven.CreateTest" name="create" time="0.016"/>
  <system-out/>
  <testcase classname="practice_maven.CreateTest" name="edit" time="0.003"/>
  <system-out/>
</testsuite> <!-- practice_maven.CreateTest -->
